  lex.yy.c
lex.yy.c(661,10): warning C4102: 'find_rule': etiqueta sin referencia
  yacc.tab.c
C:\Users\rrobe\Desktop\Ing_IT\6 Semestre\Teoria de Lenguajes\AnalizadorLexicoSintactico\yacc.tab.c(321,24): warning C4273: 'malloc': vinculación de DLL incoherente
C:\Program Files (x86)\Windows Kits\10\Include\10.0.19041.0\ucrt\corecrt_malloc.h(101,15): message : vea la definición anterior de 'malloc'
C:\Users\rrobe\Desktop\Ing_IT\6 Semestre\Teoria de Lenguajes\AnalizadorLexicoSintactico\yacc.tab.c(328,19): warning C4273: 'free': vinculación de DLL incoherente
C:\Program Files (x86)\Windows Kits\10\Include\10.0.19041.0\ucrt\corecrt_malloc.h(89,14): message : vea la definición anterior de 'free'
C:\Users\rrobe\Desktop\Ing_IT\6 Semestre\Teoria de Lenguajes\AnalizadorLexicoSintactico\yacc.tab.c(1421,42): warning C4047: 'función': 'char' es distinto en los niveles de direccionamiento indirecto de 'char *'
C:\Users\rrobe\Desktop\Ing_IT\6 Semestre\Teoria de Lenguajes\AnalizadorLexicoSintactico\yacc.tab.c(1421,16): warning C4024: 'add': tipos distintos para el parámetro formal y el parámetro real 1
C:\Users\rrobe\Desktop\Ing_IT\6 Semestre\Teoria de Lenguajes\AnalizadorLexicoSintactico\yacc.tab.c(1426,42): warning C4047: 'función': 'char' es distinto en los niveles de direccionamiento indirecto de 'char *'
C:\Users\rrobe\Desktop\Ing_IT\6 Semestre\Teoria de Lenguajes\AnalizadorLexicoSintactico\yacc.tab.c(1426,16): warning C4024: 'add': tipos distintos para el parámetro formal y el parámetro real 1
C:\Users\rrobe\Desktop\Ing_IT\6 Semestre\Teoria de Lenguajes\AnalizadorLexicoSintactico\yacc.tab.c(1431,42): warning C4047: 'función': 'char' es distinto en los niveles de direccionamiento indirecto de 'char *'
C:\Users\rrobe\Desktop\Ing_IT\6 Semestre\Teoria de Lenguajes\AnalizadorLexicoSintactico\yacc.tab.c(1431,16): warning C4024: 'add': tipos distintos para el parámetro formal y el parámetro real 1
C:\Users\rrobe\Desktop\Ing_IT\6 Semestre\Teoria de Lenguajes\AnalizadorLexicoSintactico\yacc.tab.c(1671,41): warning C4047: '=': 'int' es distinto en los niveles de direccionamiento indirecto de 'FILE *'
C:\Users\rrobe\Desktop\Ing_IT\6 Semestre\Teoria de Lenguajes\AnalizadorLexicoSintactico\yacc.tab.c(1673,25): warning C4047: '=': 'int' es distinto en los niveles de direccionamiento indirecto de 'FILE *'
C:\Users\rrobe\Desktop\Ing_IT\6 Semestre\Teoria de Lenguajes\AnalizadorLexicoSintactico\yacc.tab.c(1693,39): warning C4018: '<': no coinciden signed/unsigned
C:\Users\rrobe\Desktop\Ing_IT\6 Semestre\Teoria de Lenguajes\AnalizadorLexicoSintactico\yacc.tab.c(1699,39): warning C4018: '<': no coinciden signed/unsigned
C:\Users\rrobe\Desktop\Ing_IT\6 Semestre\Teoria de Lenguajes\AnalizadorLexicoSintactico\yacc.tab.c(1716,16): warning C4028: parámetro formal 1 distinto de la declaración
  Generando código...
  Project1.vcxproj -> C:\Users\rrobe\Desktop\Ing_IT\6 Semestre\Teoria de Lenguajes\AnalizadorLexicoSintactico\Project1\Debug\Project1.exe
