  lex.yy.c
lex.yy.c(661,10): warning C4102: 'find_rule': etiqueta sin referencia
lex.yy.c(1099,1): warning C4267: '=': conversión de 'size_t' a 'int'; posible pérdida de datos
lex.yy.c(1261,2): warning C4244: 'inicializando': conversión de '__int64' a 'int'; posible pérdida de datos
  yacc.tab.c
C:\Users\rrobe\Desktop\Ing_IT\6 Semestre\Teoria de Lenguajes\AnalizadorLexicoSintactico\yacc.tab.c(117,2): warning C4091: 'typedef ': se ha omitido a la izquierda de 'nodo' cuando no hay ninguna variable declarada
C:\Users\rrobe\Desktop\Ing_IT\6 Semestre\Teoria de Lenguajes\AnalizadorLexicoSintactico\yacc.tab.c(351,24): warning C4273: 'malloc': vinculación de DLL incoherente
C:\Program Files (x86)\Windows Kits\10\Include\10.0.19041.0\ucrt\corecrt_malloc.h(101,15): message : vea la definición anterior de 'malloc'
C:\Users\rrobe\Desktop\Ing_IT\6 Semestre\Teoria de Lenguajes\AnalizadorLexicoSintactico\yacc.tab.c(358,19): warning C4273: 'free': vinculación de DLL incoherente
C:\Program Files (x86)\Windows Kits\10\Include\10.0.19041.0\ucrt\corecrt_malloc.h(89,14): message : vea la definición anterior de 'free'
C:\Users\rrobe\Desktop\Ing_IT\6 Semestre\Teoria de Lenguajes\AnalizadorLexicoSintactico\yacc.tab.c(1543,67): warning C4047: 'función': 'char' es distinto en los niveles de direccionamiento indirecto de 'char *'
C:\Users\rrobe\Desktop\Ing_IT\6 Semestre\Teoria de Lenguajes\AnalizadorLexicoSintactico\yacc.tab.c(1543,41): warning C4024: 'add': tipos distintos para el parámetro formal y el parámetro real 1
C:\Users\rrobe\Desktop\Ing_IT\6 Semestre\Teoria de Lenguajes\AnalizadorLexicoSintactico\yacc.tab.c(1558,67): warning C4047: 'función': 'char' es distinto en los niveles de direccionamiento indirecto de 'char *'
C:\Users\rrobe\Desktop\Ing_IT\6 Semestre\Teoria de Lenguajes\AnalizadorLexicoSintactico\yacc.tab.c(1558,41): warning C4024: 'add': tipos distintos para el parámetro formal y el parámetro real 1
C:\Users\rrobe\Desktop\Ing_IT\6 Semestre\Teoria de Lenguajes\AnalizadorLexicoSintactico\yacc.tab.c(1578,90): warning C4047: '=': 'TipoToken' es distinto en los niveles de direccionamiento indirecto de 'char *'
C:\Users\rrobe\Desktop\Ing_IT\6 Semestre\Teoria de Lenguajes\AnalizadorLexicoSintactico\yacc.tab.c(1588,90): warning C4047: '=': 'TipoToken' es distinto en los niveles de direccionamiento indirecto de 'char *'
C:\Users\rrobe\Desktop\Ing_IT\6 Semestre\Teoria de Lenguajes\AnalizadorLexicoSintactico\yacc.tab.c(1598,90): warning C4047: '=': 'TipoToken' es distinto en los niveles de direccionamiento indirecto de 'char *'
C:\Users\rrobe\Desktop\Ing_IT\6 Semestre\Teoria de Lenguajes\AnalizadorLexicoSintactico\yacc.tab.c(1608,90): warning C4047: '=': 'TipoToken' es distinto en los niveles de direccionamiento indirecto de 'char *'
C:\Users\rrobe\Desktop\Ing_IT\6 Semestre\Teoria de Lenguajes\AnalizadorLexicoSintactico\yacc.tab.c(1618,90): warning C4047: '=': 'TipoToken' es distinto en los niveles de direccionamiento indirecto de 'char *'
C:\Users\rrobe\Desktop\Ing_IT\6 Semestre\Teoria de Lenguajes\AnalizadorLexicoSintactico\yacc.tab.c(1628,90): warning C4047: '=': 'TipoToken' es distinto en los niveles de direccionamiento indirecto de 'char *'
C:\Users\rrobe\Desktop\Ing_IT\6 Semestre\Teoria de Lenguajes\AnalizadorLexicoSintactico\yacc.tab.c(1647,90): warning C4047: '=': 'TipoToken' es distinto en los niveles de direccionamiento indirecto de 'char *'
C:\Users\rrobe\Desktop\Ing_IT\6 Semestre\Teoria de Lenguajes\AnalizadorLexicoSintactico\yacc.tab.c(1657,90): warning C4047: '=': 'TipoToken' es distinto en los niveles de direccionamiento indirecto de 'char *'
C:\Users\rrobe\Desktop\Ing_IT\6 Semestre\Teoria de Lenguajes\AnalizadorLexicoSintactico\yacc.tab.c(1675,90): warning C4047: '=': 'TipoToken' es distinto en los niveles de direccionamiento indirecto de 'char *'
C:\Users\rrobe\Desktop\Ing_IT\6 Semestre\Teoria de Lenguajes\AnalizadorLexicoSintactico\yacc.tab.c(1685,90): warning C4047: '=': 'TipoToken' es distinto en los niveles de direccionamiento indirecto de 'char *'
C:\Users\rrobe\Desktop\Ing_IT\6 Semestre\Teoria de Lenguajes\AnalizadorLexicoSintactico\yacc.tab.c(1715,67): warning C4047: 'función': 'char' es distinto en los niveles de direccionamiento indirecto de 'char *'
C:\Users\rrobe\Desktop\Ing_IT\6 Semestre\Teoria de Lenguajes\AnalizadorLexicoSintactico\yacc.tab.c(1715,41): warning C4024: 'add': tipos distintos para el parámetro formal y el parámetro real 1
C:\Users\rrobe\Desktop\Ing_IT\6 Semestre\Teoria de Lenguajes\AnalizadorLexicoSintactico\yacc.tab.c(1724,43): warning C4133: '=': tipos incompatibles, de 'char *' a 'nodo *'
C:\Users\rrobe\Desktop\Ing_IT\6 Semestre\Teoria de Lenguajes\AnalizadorLexicoSintactico\yacc.tab.c(1951,12): warning C4477: 'printf' : la cadena de formato '%d' requiere un argumento de tipo 'int', pero el argumento variádico 1 tiene el tipo 'char *'
C:\Users\rrobe\Desktop\Ing_IT\6 Semestre\Teoria de Lenguajes\AnalizadorLexicoSintactico\yacc.tab.c(1951,12): warning C4313: 'printf': '%d' de la cadena de formato origina conflictos con el argumento 1 del tipo 'char *'
C:\Users\rrobe\Desktop\Ing_IT\6 Semestre\Teoria de Lenguajes\AnalizadorLexicoSintactico\yacc.tab.c(1960,41): warning C4047: '=': 'int' es distinto en los niveles de direccionamiento indirecto de 'FILE *'
C:\Users\rrobe\Desktop\Ing_IT\6 Semestre\Teoria de Lenguajes\AnalizadorLexicoSintactico\yacc.tab.c(1962,25): warning C4047: '=': 'int' es distinto en los niveles de direccionamiento indirecto de 'FILE *'
C:\Users\rrobe\Desktop\Ing_IT\6 Semestre\Teoria de Lenguajes\AnalizadorLexicoSintactico\yacc.tab.c(1982,39): warning C4018: '<': no coinciden signed/unsigned
C:\Users\rrobe\Desktop\Ing_IT\6 Semestre\Teoria de Lenguajes\AnalizadorLexicoSintactico\yacc.tab.c(1988,39): warning C4018: '<': no coinciden signed/unsigned
C:\Users\rrobe\Desktop\Ing_IT\6 Semestre\Teoria de Lenguajes\AnalizadorLexicoSintactico\yacc.tab.c(2001,14): warning C4477: 'printf' : la cadena de formato '%s' requiere un argumento de tipo 'char *', pero el argumento variádico 1 tiene el tipo 'TipoToken'
C:\Users\rrobe\Desktop\Ing_IT\6 Semestre\Teoria de Lenguajes\AnalizadorLexicoSintactico\yacc.tab.c(2001,14): warning C4313: 'printf': '%s' de la cadena de formato origina conflictos con el argumento 1 del tipo 'TipoToken'
C:\Users\rrobe\Desktop\Ing_IT\6 Semestre\Teoria de Lenguajes\AnalizadorLexicoSintactico\yacc.tab.c(2017,16): warning C4028: parámetro formal 1 distinto de la declaración
  Generando código...
  Project1.vcxproj -> C:\Users\rrobe\Desktop\Ing_IT\6 Semestre\Teoria de Lenguajes\AnalizadorLexicoSintactico\Project1\x64\Debug\Project1.exe
